<?xml version="1.0" encoding="UTF-8"?>
<!-- Generated by org.testng.reporters.JUnitReportReporter -->
<testsuite hostname="DESKTOP-9NNILNN" failures="0" tests="1" name="com.inetBankingV1.testCases.TC_LoginTest_001" time="7.411" errors="0" timestamp="2022-01-21T20:05:36 IST" skipped="0">
  <testcase classname="com.inetBankingV1.testCases.TC_LoginTest_001" name="LoginTest" time="7.411"/>
  <system-out/>
</testsuite> <!-- com.inetBankingV1.testCases.TC_LoginTest_001 -->
