<?xml version="1.0" encoding="UTF-8"?>
<!-- Generated by org.testng.reporters.JUnitReportReporter -->
<testsuite hostname="DESKTOP-9NNILNN" failures="0" tests="4" name="com.inetBankingV1.testCases.TC_LoginTest_DDT_002" time="7.668" errors="0" timestamp="2022-04-01T19:44:27 IST" skipped="1">
  <testcase classname="com.inetBankingV1.testCases.TC_LoginTest_DDT_002" name="LoginTestDDT" time="1.941"/>
  <system-out/>
  <testcase classname="com.inetBankingV1.testCases.TC_LoginTest_DDT_002" name="LoginTestDDT" time="1.938"/>
  <system-out/>
  <testcase classname="com.inetBankingV1.testCases.TC_LoginTest_DDT_002" name="LoginTestDDT" time="3.789"/>
  <system-out/>
  <testcase classname="com.inetBankingV1.testCases.TC_LoginTest_DDT_002" name="xpathAxesPractice">
    <skipped/>
  </testcase> <!-- xpathAxesPractice -->
  <system-out/>
</testsuite> <!-- com.inetBankingV1.testCases.TC_LoginTest_DDT_002 -->
